c:\users\fract_000\documents\team dolphin\trunk\project\beta engine\anttweakbar\lib\debug\anttweakbar64.lib
c:\users\fract_000\documents\team dolphin\trunk\project\beta engine\anttweakbar\lib\debug\anttweakbar64.exp
c:\users\fract_000\documents\team dolphin\trunk\project\beta engine\anttweakbar\src\debug64\anttweakbar.pch
c:\users\fract_000\documents\team dolphin\trunk\project\beta engine\anttweakbar\src\debug64\vc141.pdb
c:\users\fract_000\documents\team dolphin\trunk\project\beta engine\anttweakbar\src\debug64\twprecomp.obj
c:\users\fract_000\documents\team dolphin\trunk\project\beta engine\anttweakbar\src\debug64\twopengl.obj
c:\users\fract_000\documents\team dolphin\trunk\project\beta engine\anttweakbar\src\debug64\twmgr.obj
c:\users\fract_000\documents\team dolphin\trunk\project\beta engine\anttweakbar\src\debug64\twfonts.obj
c:\users\fract_000\documents\team dolphin\trunk\project\beta engine\anttweakbar\src\debug64\twdirect3d9.obj
c:\users\fract_000\documents\team dolphin\trunk\project\beta engine\anttweakbar\src\debug64\twdirect3d11.obj
c:\users\fract_000\documents\team dolphin\trunk\project\beta engine\anttweakbar\src\debug64\twdirect3d10.obj
c:\users\fract_000\documents\team dolphin\trunk\project\beta engine\anttweakbar\src\debug64\twcolors.obj
c:\users\fract_000\documents\team dolphin\trunk\project\beta engine\anttweakbar\src\debug64\twbar.obj
c:\users\fract_000\documents\team dolphin\trunk\project\beta engine\anttweakbar\src\debug64\loadoglcore.obj
c:\users\fract_000\documents\team dolphin\trunk\project\beta engine\anttweakbar\src\debug64\loadogl.obj
c:\users\fract_000\documents\team dolphin\trunk\project\beta engine\anttweakbar\src\debug64\tweventwin.obj
c:\users\fract_000\documents\team dolphin\trunk\project\beta engine\anttweakbar\src\debug64\tweventsdl13.obj
c:\users\fract_000\documents\team dolphin\trunk\project\beta engine\anttweakbar\src\debug64\tweventsdl12.obj
c:\users\fract_000\documents\team dolphin\trunk\project\beta engine\anttweakbar\src\debug64\tweventsdl.obj
c:\users\fract_000\documents\team dolphin\trunk\project\beta engine\anttweakbar\src\debug64\tweventglut.obj
c:\users\fract_000\documents\team dolphin\trunk\project\beta engine\anttweakbar\src\debug64\tweventglfw.obj
c:\users\fract_000\documents\team dolphin\trunk\project\beta engine\anttweakbar\src\debug64\twopenglcore.obj
c:\users\fract_000\documents\team dolphin\trunk\project\beta engine\anttweakbar\src\debug64\tweventsfml.obj
c:\users\fract_000\documents\team dolphin\trunk\project\beta engine\anttweakbar\src\debug64\anttweakbar.res
c:\users\fract_000\documents\team dolphin\trunk\project\beta engine\anttweakbar\src\debug64\anttweakbar.tlog\anttweakbar.write.1u.tlog
c:\users\fract_000\documents\team dolphin\trunk\project\beta engine\anttweakbar\src\debug64\anttweakbar.tlog\cl.command.1.tlog
c:\users\fract_000\documents\team dolphin\trunk\project\beta engine\anttweakbar\src\debug64\anttweakbar.tlog\cl.read.1.tlog
c:\users\fract_000\documents\team dolphin\trunk\project\beta engine\anttweakbar\src\debug64\anttweakbar.tlog\cl.write.1.tlog
c:\users\fract_000\documents\team dolphin\trunk\project\beta engine\anttweakbar\src\debug64\anttweakbar.tlog\link-cvtres.read.1.tlog
c:\users\fract_000\documents\team dolphin\trunk\project\beta engine\anttweakbar\src\debug64\anttweakbar.tlog\link-cvtres.write.1.tlog
c:\users\fract_000\documents\team dolphin\trunk\project\beta engine\anttweakbar\src\debug64\anttweakbar.tlog\link-rc.read.1.tlog
c:\users\fract_000\documents\team dolphin\trunk\project\beta engine\anttweakbar\src\debug64\anttweakbar.tlog\link-rc.write.1.tlog
c:\users\fract_000\documents\team dolphin\trunk\project\beta engine\anttweakbar\src\debug64\anttweakbar.tlog\link.command.1.tlog
c:\users\fract_000\documents\team dolphin\trunk\project\beta engine\anttweakbar\src\debug64\anttweakbar.tlog\link.read.1.tlog
c:\users\fract_000\documents\team dolphin\trunk\project\beta engine\anttweakbar\src\debug64\anttweakbar.tlog\link.write.1.tlog
c:\users\fract_000\documents\team dolphin\trunk\project\beta engine\anttweakbar\src\debug64\anttweakbar.tlog\rc.command.1.tlog
c:\users\fract_000\documents\team dolphin\trunk\project\beta engine\anttweakbar\src\debug64\anttweakbar.tlog\rc.read.1.tlog
c:\users\fract_000\documents\team dolphin\trunk\project\beta engine\anttweakbar\src\debug64\anttweakbar.tlog\rc.write.1.tlog
