  Microsoft (R) Direct3D Shader Compiler 10.1
  Copyright (C) 2013 Microsoft. All rights reserved.
  
  compilation header save succeeded; see C:\Users\fract_000\Documents\Team Dolphin\trunk\Project\Beta Engine\AntTweakBar\src\debug64\TwDirect3D11_LineRectVS.h
  Microsoft (R) Direct3D Shader Compiler 10.1
  Copyright (C) 2013 Microsoft. All rights reserved.
  
  compilation header save succeeded; see C:\Users\fract_000\Documents\Team Dolphin\trunk\Project\Beta Engine\AntTweakBar\src\debug64\TwDirect3D11_LineRectCstColorVS.h
  Microsoft (R) Direct3D Shader Compiler 10.1
  Copyright (C) 2013 Microsoft. All rights reserved.
  
  compilation header save succeeded; see C:\Users\fract_000\Documents\Team Dolphin\trunk\Project\Beta Engine\AntTweakBar\src\debug64\TwDirect3D11_LineRectPS.h
  Microsoft (R) Direct3D Shader Compiler 10.1
  Copyright (C) 2013 Microsoft. All rights reserved.
  
  compilation header save succeeded; see C:\Users\fract_000\Documents\Team Dolphin\trunk\Project\Beta Engine\AntTweakBar\src\debug64\TwDirect3D11_TextVS.h
  Microsoft (R) Direct3D Shader Compiler 10.1
  Copyright (C) 2013 Microsoft. All rights reserved.
  
  compilation header save succeeded; see C:\Users\fract_000\Documents\Team Dolphin\trunk\Project\Beta Engine\AntTweakBar\src\debug64\TwDirect3D11_TextCstColorVS.h
  Microsoft (R) Direct3D Shader Compiler 10.1
  Copyright (C) 2013 Microsoft. All rights reserved.
  
  compilation header save succeeded; see C:\Users\fract_000\Documents\Team Dolphin\trunk\Project\Beta Engine\AntTweakBar\src\debug64\TwDirect3D11_TextPS.h
  TwDirect3D11.cpp
  TwMgr.cpp
c:\users\fract_000\documents\team dolphin\trunk\project\beta engine\anttweakbar\src\twmgr.cpp(6152): warning C4456: declaration of 'Var' hides previous local declaration
  c:\users\fract_000\documents\team dolphin\trunk\project\beta engine\anttweakbar\src\twmgr.cpp(6133): note: see declaration of 'Var'
c:\users\fract_000\documents\team dolphin\trunk\project\beta engine\anttweakbar\src\twmgr.cpp(6223): warning C4302: 'type cast': truncation from 'LPSTR' to 'WORD'
c:\users\fract_000\documents\team dolphin\trunk\project\beta engine\anttweakbar\src\twmgr.cpp(6224): warning C4302: 'type cast': truncation from 'LPSTR' to 'WORD'
c:\users\fract_000\documents\team dolphin\trunk\project\beta engine\anttweakbar\src\twmgr.cpp(6225): warning C4302: 'type cast': truncation from 'LPSTR' to 'WORD'
c:\users\fract_000\documents\team dolphin\trunk\project\beta engine\anttweakbar\src\twmgr.cpp(6226): warning C4302: 'type cast': truncation from 'LPSTR' to 'WORD'
c:\users\fract_000\documents\team dolphin\trunk\project\beta engine\anttweakbar\src\twmgr.cpp(6227): warning C4302: 'type cast': truncation from 'LPSTR' to 'WORD'
c:\users\fract_000\documents\team dolphin\trunk\project\beta engine\anttweakbar\src\twmgr.cpp(6228): warning C4302: 'type cast': truncation from 'LPSTR' to 'WORD'
c:\users\fract_000\documents\team dolphin\trunk\project\beta engine\anttweakbar\src\twmgr.cpp(6229): warning C4302: 'type cast': truncation from 'LPSTR' to 'WORD'
c:\users\fract_000\documents\team dolphin\trunk\project\beta engine\anttweakbar\src\twmgr.cpp(6230): warning C4302: 'type cast': truncation from 'LPSTR' to 'WORD'
c:\users\fract_000\documents\team dolphin\trunk\project\beta engine\anttweakbar\src\twmgr.cpp(6231): warning C4302: 'type cast': truncation from 'LPSTR' to 'WORD'
c:\users\fract_000\documents\team dolphin\trunk\project\beta engine\anttweakbar\src\twmgr.cpp(6232): warning C4302: 'type cast': truncation from 'LPSTR' to 'WORD'
c:\users\fract_000\documents\team dolphin\trunk\project\beta engine\anttweakbar\src\twmgr.cpp(6233): warning C4302: 'type cast': truncation from 'LPSTR' to 'WORD'
c:\users\fract_000\documents\team dolphin\trunk\project\beta engine\anttweakbar\src\twmgr.cpp(6234): warning C4302: 'type cast': truncation from 'LPSTR' to 'WORD'
c:\users\fract_000\documents\team dolphin\trunk\project\beta engine\anttweakbar\src\twmgr.cpp(6235): warning C4302: 'type cast': truncation from 'LPSTR' to 'WORD'
c:\users\fract_000\documents\team dolphin\trunk\project\beta engine\anttweakbar\src\twmgr.cpp(6237): warning C4302: 'type cast': truncation from 'LPSTR' to 'WORD'
c:\users\fract_000\documents\team dolphin\trunk\project\beta engine\anttweakbar\src\twmgr.cpp(6250): warning C4302: 'type cast': truncation from 'LPSTR' to 'WORD'
c:\users\fract_000\documents\team dolphin\trunk\project\beta engine\anttweakbar\src\twmgr.cpp(6256): warning C4302: 'type cast': truncation from 'LPSTR' to 'WORD'
c:\users\fract_000\documents\team dolphin\trunk\project\beta engine\anttweakbar\src\twmgr.cpp(6265): warning C4302: 'type cast': truncation from 'LPSTR' to 'WORD'
  Generating Code...
  LINK : ../lib/debug\AntTweakBar64.dll not found or not built by the last incremental link; performing full link
     Creating library ../lib/debug\AntTweakBar64.lib and object ../lib/debug\AntTweakBar64.exp
  AntTweakBar.vcxproj -> C:\Users\fract_000\Documents\Team Dolphin\trunk\Project\Beta Engine\AntTweakBar\src\../lib/debug\AntTweakBar64.dll
